<?xml version="1.0" encoding="UTF-8"?>
<!-- Generated by org.testng.reporters.JUnitXMLReporter -->
<testsuite ignored="0" hostname="Naveen" failures="0" tests="3" name="Test" time="35.163" errors="0" timestamp="2024-01-10T16:24:52 IST">
  <testcase classname="demo1.TestScenario2" name="dragAndDrop" time="3.807"/>
  <testcase classname="demo1.TestScenario3" name="formSubmit" time="14.452"/>
  <testcase classname="demo1.TestScenario1" name="simpleFormDemo" time="4.519"/>
</testsuite> <!-- Test -->
