<?xml version="1.0" encoding="UTF-8"?>
<testng-results ignored="0" total="3" passed="3" failed="0" skipped="0">
  <reporter-output>
  </reporter-output>
  <suite started-at="2024-01-10T16:24:17 IST" name="Suite" finished-at="2024-01-10T16:24:52 IST" duration-ms="35163">
    <groups>
    </groups>
    <test started-at="2024-01-10T16:24:17 IST" name="Test" finished-at="2024-01-10T16:24:52 IST" duration-ms="35163">
      <class name="demo1.TestScenario1">
        <test-method is-config="true" signature="setUp()[pri:0, instance:demo1.TestScenario1@1ffaf86]" started-at="2024-01-10T16:24:17 IST" name="setUp" finished-at="2024-01-10T16:24:47 IST" duration-ms="29701" status="PASS">
          <reporter-output>
          </reporter-output>
        </test-method> <!-- setUp -->
        <test-method signature="simpleFormDemo()[pri:0, instance:demo1.TestScenario1@1ffaf86]" started-at="2024-01-10T16:24:47 IST" name="simpleFormDemo" finished-at="2024-01-10T16:24:51 IST" duration-ms="4519" status="PASS">
          <reporter-output>
          </reporter-output>
        </test-method> <!-- simpleFormDemo -->
        <test-method is-config="true" signature="tearDown()[pri:0, instance:demo1.TestScenario1@1ffaf86]" started-at="2024-01-10T16:24:51 IST" name="tearDown" finished-at="2024-01-10T16:24:52 IST" duration-ms="910" status="PASS">
          <reporter-output>
          </reporter-output>
        </test-method> <!-- tearDown -->
      </class> <!-- demo1.TestScenario1 -->
      <class name="demo1.TestScenario3">
        <test-method is-config="true" signature="setUp()[pri:0, instance:demo1.TestScenario3@55a147cc]" started-at="2024-01-10T16:24:17 IST" name="setUp" finished-at="2024-01-10T16:24:27 IST" duration-ms="9849" status="PASS">
          <reporter-output>
          </reporter-output>
        </test-method> <!-- setUp -->
        <test-method signature="formSubmit()[pri:0, instance:demo1.TestScenario3@55a147cc]" started-at="2024-01-10T16:24:27 IST" name="formSubmit" finished-at="2024-01-10T16:24:41 IST" duration-ms="14452" status="PASS">
          <reporter-output>
          </reporter-output>
        </test-method> <!-- formSubmit -->
        <test-method is-config="true" signature="tearDown()[pri:0, instance:demo1.TestScenario3@55a147cc]" started-at="2024-01-10T16:24:41 IST" name="tearDown" finished-at="2024-01-10T16:24:42 IST" duration-ms="951" status="PASS">
          <reporter-output>
          </reporter-output>
        </test-method> <!-- tearDown -->
      </class> <!-- demo1.TestScenario3 -->
      <class name="demo1.TestScenario2">
        <test-method is-config="true" signature="setUp()[pri:0, instance:demo1.TestScenario2@1a942c18]" started-at="2024-01-10T16:24:17 IST" name="setUp" finished-at="2024-01-10T16:24:28 IST" duration-ms="11375" status="PASS">
          <reporter-output>
          </reporter-output>
        </test-method> <!-- setUp -->
        <test-method signature="dragAndDrop()[pri:0, instance:demo1.TestScenario2@1a942c18]" started-at="2024-01-10T16:24:28 IST" name="dragAndDrop" finished-at="2024-01-10T16:24:32 IST" duration-ms="3807" status="PASS">
          <reporter-output>
          </reporter-output>
        </test-method> <!-- dragAndDrop -->
        <test-method is-config="true" signature="tearDown()[pri:0, instance:demo1.TestScenario2@1a942c18]" started-at="2024-01-10T16:24:32 IST" name="tearDown" finished-at="2024-01-10T16:24:33 IST" duration-ms="817" status="PASS">
          <reporter-output>
          </reporter-output>
        </test-method> <!-- tearDown -->
      </class> <!-- demo1.TestScenario2 -->
    </test> <!-- Test -->
  </suite> <!-- Suite -->
</testng-results>
